<?xml version="1.0" encoding="UTF-8"?>
<testsuites>
  <testsuite name="" tests="15" assertions="25" errors="0" warnings="0" failures="0" skipped="0" time="0.030045">
    <testsuite name="Project Test Suite" tests="15" assertions="25" errors="0" warnings="0" failures="0" skipped="0" time="0.030045">
      <testsuite name="App\Tests\Card\CardGraphicTest" file="/home/samra/dbwebb-kurser/mvc/me/report/tests/Card/CardGraphicTest.php" tests="1" assertions="2" errors="0" warnings="0" failures="0" skipped="0" time="0.004595">
        <testcase name="testCardGraphicToString" class="App\Tests\Card\CardGraphicTest" classname="App.Tests.Card.CardGraphicTest" file="/home/samra/dbwebb-kurser/mvc/me/report/tests/Card/CardGraphicTest.php" line="10" assertions="2" time="0.004595"/>
      </testsuite>
      <testsuite name="App\Tests\Card\CardTest" file="/home/samra/dbwebb-kurser/mvc/me/report/tests/Card/CardTest.php" tests="2" assertions="4" errors="0" warnings="0" failures="0" skipped="0" time="0.001112">
        <testcase name="testCardInitialization" class="App\Tests\Card\CardTest" classname="App.Tests.Card.CardTest" file="/home/samra/dbwebb-kurser/mvc/me/report/tests/Card/CardTest.php" line="10" assertions="2" time="0.000531"/>
        <testcase name="testCardToString" class="App\Tests\Card\CardTest" classname="App.Tests.Card.CardTest" file="/home/samra/dbwebb-kurser/mvc/me/report/tests/Card/CardTest.php" line="17" assertions="2" time="0.000581"/>
      </testsuite>
      <testsuite name="App\Tests\Card\DeckOfCardsTest" file="/home/samra/dbwebb-kurser/mvc/me/report/tests/Card/DeckOfCardsTest.php" tests="4" assertions="6" errors="0" warnings="0" failures="0" skipped="0" time="0.020068">
        <testcase name="testDeckInitialization" class="App\Tests\Card\DeckOfCardsTest" classname="App.Tests.Card.DeckOfCardsTest" file="/home/samra/dbwebb-kurser/mvc/me/report/tests/Card/DeckOfCardsTest.php" line="10" assertions="1" time="0.000990"/>
        <testcase name="testDeckShuffle" class="App\Tests\Card\DeckOfCardsTest" classname="App.Tests.Card.DeckOfCardsTest" file="/home/samra/dbwebb-kurser/mvc/me/report/tests/Card/DeckOfCardsTest.php" line="16" assertions="1" time="0.017988"/>
        <testcase name="testDeckDraw" class="App\Tests\Card\DeckOfCardsTest" classname="App.Tests.Card.DeckOfCardsTest" file="/home/samra/dbwebb-kurser/mvc/me/report/tests/Card/DeckOfCardsTest.php" line="24" assertions="2" time="0.000399"/>
        <testcase name="testDeckDrawMoreThanAvailable" class="App\Tests\Card\DeckOfCardsTest" classname="App.Tests.Card.DeckOfCardsTest" file="/home/samra/dbwebb-kurser/mvc/me/report/tests/Card/DeckOfCardsTest.php" line="32" assertions="2" time="0.000691"/>
      </testsuite>
      <testsuite name="App\Tests\Card\GameTest" file="/home/samra/dbwebb-kurser/mvc/me/report/tests/Card/GameTest.php" tests="3" assertions="7" errors="0" warnings="0" failures="0" skipped="0" time="0.002567">
        <testcase name="testGameInitialization" class="App\Tests\Card\GameTest" classname="App.Tests.Card.GameTest" file="/home/samra/dbwebb-kurser/mvc/me/report/tests/Card/GameTest.php" line="10" assertions="3" time="0.000946"/>
        <testcase name="testDealToPlayer" class="App\Tests\Card\GameTest" classname="App.Tests.Card.GameTest" file="/home/samra/dbwebb-kurser/mvc/me/report/tests/Card/GameTest.php" line="20" assertions="2" time="0.000420"/>
        <testcase name="testDealerTurn" class="App\Tests\Card\GameTest" classname="App.Tests.Card.GameTest" file="/home/samra/dbwebb-kurser/mvc/me/report/tests/Card/GameTest.php" line="32" assertions="2" time="0.001202"/>
      </testsuite>
      <testsuite name="App\Tests\Card\PlayerTest" file="/home/samra/dbwebb-kurser/mvc/me/report/tests/Card/PlayerTest.php" tests="4" assertions="4" errors="0" warnings="0" failures="0" skipped="0" time="0.000977">
        <testcase name="testPlayerScore" class="App\Tests\Card\PlayerTest" classname="App.Tests.Card.PlayerTest" file="/home/samra/dbwebb-kurser/mvc/me/report/tests/Card/PlayerTest.php" line="11" assertions="1" time="0.000248"/>
        <testcase name="testPlayerScoreWithAceAdjustment" class="App\Tests\Card\PlayerTest" classname="App.Tests.Card.PlayerTest" file="/home/samra/dbwebb-kurser/mvc/me/report/tests/Card/PlayerTest.php" line="19" assertions="1" time="0.000243"/>
        <testcase name="testResetHand" class="App\Tests\Card\PlayerTest" classname="App.Tests.Card.PlayerTest" file="/home/samra/dbwebb-kurser/mvc/me/report/tests/Card/PlayerTest.php" line="28" assertions="1" time="0.000240"/>
        <testcase name="testPlayerScoreWithMultipleAces" class="App\Tests\Card\PlayerTest" classname="App.Tests.Card.PlayerTest" file="/home/samra/dbwebb-kurser/mvc/me/report/tests/Card/PlayerTest.php" line="36" assertions="1" time="0.000247"/>
      </testsuite>
      <testsuite name="App\Dice\DiceTest" file="/home/samra/dbwebb-kurser/mvc/me/report/tests/Dice/DiceTest.php" tests="1" assertions="2" errors="0" warnings="0" failures="0" skipped="0" time="0.000727">
        <testcase name="testCreateDice" class="App\Dice\DiceTest" classname="App.Dice.DiceTest" file="/home/samra/dbwebb-kurser/mvc/me/report/tests/Dice/DiceTest.php" line="16" assertions="2" time="0.000727"/>
      </testsuite>
    </testsuite>
  </testsuite>
</testsuites>
